<?xml version="1.0" encoding="UTF-8"?>
<!-- Generated by org.testng.reporters.JUnitXMLReporter -->
<testsuite ignored="0" hostname="DESKTOP-0AFF01A" failures="1" tests="1" name="Test" time="6.27" errors="0" timestamp="2024-01-24T12:29:19 IST">
  <testcase classname="com.test.LoginTest" name="testLoginWithInCorrectCredentials" time="0.006">
    <failure type="java.lang.NullPointerException" message="Cannot invoke &amp;quot;org.openqa.selenium.SearchContext.findElement(org.openqa.selenium.By)&amp;quot; because &amp;quot;this.searchContext&amp;quot; is null">
      <![CDATA[java.lang.NullPointerException: Cannot invoke "org.openqa.selenium.SearchContext.findElement(org.openqa.selenium.By)" because "this.searchContext" is null
at org.openqa.selenium.support.pagefactory.DefaultElementLocator.findElement(DefaultElementLocator.java:68)
at org.openqa.selenium.support.pagefactory.internal.LocatingElementHandler.invoke(LocatingElementHandler.java:38)
at jdk.proxy2/jdk.proxy2.$Proxy11.isDisplayed(Unknown Source)
at com.base.BaseClass.putValueInTextBox(BaseClass.java:34)
at com.pages.LoginPage.loginWithCredentials(LoginPage.java:41)
at com.test.LoginTest.testLoginWithInCorrectCredentials(LoginTest.java:21)
at java.base/java.util.concurrent.ThreadPoolExecutor.runWorker(ThreadPoolExecutor.java:1144)
at java.base/java.util.concurrent.ThreadPoolExecutor$Worker.run(ThreadPoolExecutor.java:642)
at java.base/java.lang.Thread.run(Thread.java:1583)
... Removed 10 stack frames]]>
    </failure>
  </testcase> <!-- testLoginWithInCorrectCredentials -->
</testsuite> <!-- Test -->
